0 info it worked if it ends with ok
1 verbose cli [ '/home/richard/.nvm/v0.10.36/bin/node',
1 verbose cli   '/home/richard/.nvm/v0.10.36/bin/npm',
1 verbose cli   'install',
1 verbose cli   '-g',
1 verbose cli   'iron-cli' ]
2 info using npm@1.4.28
3 info using node@v0.10.36
4 verbose cache add [ 'iron-cli', null ]
5 verbose cache add name=undefined spec="iron-cli" args=["iron-cli",null]
6 verbose parsed url { protocol: null,
6 verbose parsed url   slashes: null,
6 verbose parsed url   auth: null,
6 verbose parsed url   host: null,
6 verbose parsed url   port: null,
6 verbose parsed url   hostname: null,
6 verbose parsed url   hash: null,
6 verbose parsed url   search: null,
6 verbose parsed url   query: null,
6 verbose parsed url   pathname: 'iron-cli',
6 verbose parsed url   path: 'iron-cli',
6 verbose parsed url   href: 'iron-cli' }
7 silly lockFile 641c3688-iron-cli iron-cli
8 verbose lock iron-cli /home/richard/.npm/641c3688-iron-cli.lock
9 silly lockFile 641c3688-iron-cli iron-cli
10 silly lockFile 641c3688-iron-cli iron-cli
11 verbose addNamed [ 'iron-cli', '' ]
12 verbose addNamed [ null, '*' ]
13 silly lockFile f5c66217-iron-cli iron-cli@
14 verbose lock iron-cli@ /home/richard/.npm/f5c66217-iron-cli.lock
15 silly addNameRange { name: 'iron-cli', range: '*', hasData: false }
16 verbose request where is /iron-cli
17 verbose request registry https://registry.npmjs.org/
18 verbose request id 826d6d9e589bd16b
19 verbose url raw /iron-cli
20 verbose url resolving [ 'https://registry.npmjs.org/', './iron-cli' ]
21 verbose url resolved https://registry.npmjs.org/iron-cli
22 verbose request where is https://registry.npmjs.org/iron-cli
23 info trying registry request attempt 1 at 08:44:15
24 http GET https://registry.npmjs.org/iron-cli
25 http 404 https://registry.npmjs.org/iron-cli
26 verbose headers { date: 'Fri, 20 Mar 2015 08:44:15 GMT',
26 verbose headers   server: 'CouchDB/1.5.0 (Erlang OTP/R16B03)',
26 verbose headers   'content-type': 'application/json',
26 verbose headers   'cache-control': 'max-age=0',
26 verbose headers   'content-length': '51',
26 verbose headers   'accept-ranges': 'bytes',
26 verbose headers   via: '1.1 varnish',
26 verbose headers   age: '0',
26 verbose headers   'x-served-by': 'cache-lhr6328-LHR',
26 verbose headers   'x-cache': 'MISS',
26 verbose headers   'x-cache-hits': '0',
26 verbose headers   'x-timer': 'S1426841055.293732,VS0,VE159',
26 verbose headers   'keep-alive': 'timeout=10, max=50',
26 verbose headers   connection: 'Keep-Alive' }
27 silly registry.get cb [ 404,
27 silly registry.get   { date: 'Fri, 20 Mar 2015 08:44:15 GMT',
27 silly registry.get     server: 'CouchDB/1.5.0 (Erlang OTP/R16B03)',
27 silly registry.get     'content-type': 'application/json',
27 silly registry.get     'cache-control': 'max-age=0',
27 silly registry.get     'content-length': '51',
27 silly registry.get     'accept-ranges': 'bytes',
27 silly registry.get     via: '1.1 varnish',
27 silly registry.get     age: '0',
27 silly registry.get     'x-served-by': 'cache-lhr6328-LHR',
27 silly registry.get     'x-cache': 'MISS',
27 silly registry.get     'x-cache-hits': '0',
27 silly registry.get     'x-timer': 'S1426841055.293732,VS0,VE159',
27 silly registry.get     'keep-alive': 'timeout=10, max=50',
27 silly registry.get     connection: 'Keep-Alive' } ]
28 silly lockFile f5c66217-iron-cli iron-cli@
29 silly lockFile f5c66217-iron-cli iron-cli@
30 error 404 404 Not Found: iron-cli
30 error 404
30 error 404 'iron-cli' is not in the npm registry.
30 error 404 You should bug the author to publish it
30 error 404
30 error 404 Note that you can also install from a
30 error 404 tarball, folder, or http url, or git url.
31 error System Linux 3.13.0-46-generic
32 error command "/home/richard/.nvm/v0.10.36/bin/node" "/home/richard/.nvm/v0.10.36/bin/npm" "install" "-g" "iron-cli"
33 error cwd /home/richard/Meteor/sandstorm-appstore
34 error node -v v0.10.36
35 error npm -v 1.4.28
36 error code E404
37 verbose exit [ 1, true ]
